<?xml version="1.0" encoding="UTF-8"?>
<!-- Generated by org.testng.reporters.JUnitReportReporter -->
<testsuite hostname="DESKTOP-0P4OACU" failures="1" tests="2" name="Proximus.ProximusRunner" time="23.715" errors="1" timestamp="2023-09-08T15:21:31 IST" skipped="0">
  <testcase classname="Proximus.ProximusRunner" name="runScenario" time="9.022">
    <failure message="expected [true] but found [false]" type="java.lang.AssertionError">
      <![CDATA[java.lang.AssertionError: expected [true] but found [false]
at org.testng.Assert.fail(Assert.java:110)
at org.testng.Assert.failNotEquals(Assert.java:1577)
at org.testng.Assert.assertTrue(Assert.java:56)
at org.testng.Assert.assertTrue(Assert.java:66)
at Proximus.ProximusSteps.home_page_title_should_contains(ProximusSteps.java:29)
at ✽.home page title should contains "Welcome to Proximus – Internet, mobile, phone and TV | Proximus"(file:///C:/Users/DELL/eclipse-workspace/BDDCucumberWEB/src/test/resources/Proximus/ProximusHome.feature:5)
]]>
    </failure>
  </testcase> <!-- runScenario -->
  <system-out/>
  <testcase classname="Proximus.ProximusRunner" name="runScenario" time="14.693">
    <error message="element click intercepted: Element &lt;a href=&quot;/en/id_cr_catr_p/personal/packs.html&quot; data-tms-link-name=&quot;...&quot;&gt;Packs&lt;/a&gt; is not clickable at point (281, 63). Other element would receive the click: &lt;div class=&quot;onetrust-pc-dark-filter ot-fade-in&quot; style=&quot;z-index:2147483645;&quot;&gt;&lt;/div&gt;
  (Session info: chrome=116.0.5845.179)
Build info: version: &#039;4.11.0&#039;, revision: &#039;040bc5406b&#039;
System info: os.name: &#039;Windows 10&#039;, os.arch: &#039;amd64&#039;, os.version: &#039;10.0&#039;, java.version: &#039;20.0.2&#039;
Driver info: org.openqa.selenium.chrome.ChromeDriver
Command: [e07c45bf3d981e407171a340238e90ec, clickElement {id=20998C4B32D282B3B16709F023433F8B_element_42}]
Capabilities {acceptInsecureCerts: false, browserName: chrome, browserVersion: 116.0.5845.179, chrome: {chromedriverVersion: 116.0.5845.96 (1a3918166880..., userDataDir: C:\Users\DELL\AppData\Local...}, fedcm:accounts: true, goog:chromeOptions: {debuggerAddress: localhost:49762}, networkConnectionEnabled: false, pageLoadStrategy: normal, platformName: windows, proxy: Proxy(), se:cdp: ws://localhost:49762/devtoo..., se:cdpVersion: 116.0.5845.179, setWindowRect: true, strictFileInteractability: false, timeouts: {implicit: 0, pageLoad: 300000, script: 30000}, unhandledPromptBehavior: dismiss and notify, webauthn:extension:credBlob: true, webauthn:extension:largeBlob: true, webauthn:extension:minPinLength: true, webauthn:extension:prf: true, webauthn:virtualAuthenticators: true}
Element: [[ChromeDriver: chrome on windows (e07c45bf3d981e407171a340238e90ec)] -&gt; xpath: //a[@data-tms-link-name=&#039;Packs&#039;]]
Session ID: e07c45bf3d981e407171a340238e90ec" type="org.openqa.selenium.ElementClickInterceptedException">
      <![CDATA[org.openqa.selenium.ElementClickInterceptedException: element click intercepted: Element <a href="/en/id_cr_catr_p/personal/packs.html" data-tms-link-name="...">Packs</a> is not clickable at point (281, 63). Other element would receive the click: <div class="onetrust-pc-dark-filter ot-fade-in" style="z-index:2147483645;"></div>
  (Session info: chrome=116.0.5845.179)
Build info: version: '4.11.0', revision: '040bc5406b'
System info: os.name: 'Windows 10', os.arch: 'amd64', os.version: '10.0', java.version: '20.0.2'
Driver info: org.openqa.selenium.chrome.ChromeDriver
Command: [e07c45bf3d981e407171a340238e90ec, clickElement {id=20998C4B32D282B3B16709F023433F8B_element_42}]
Capabilities {acceptInsecureCerts: false, browserName: chrome, browserVersion: 116.0.5845.179, chrome: {chromedriverVersion: 116.0.5845.96 (1a3918166880..., userDataDir: C:\Users\DELL\AppData\Local...}, fedcm:accounts: true, goog:chromeOptions: {debuggerAddress: localhost:49762}, networkConnectionEnabled: false, pageLoadStrategy: normal, platformName: windows, proxy: Proxy(), se:cdp: ws://localhost:49762/devtoo..., se:cdpVersion: 116.0.5845.179, setWindowRect: true, strictFileInteractability: false, timeouts: {implicit: 0, pageLoad: 300000, script: 30000}, unhandledPromptBehavior: dismiss and notify, webauthn:extension:credBlob: true, webauthn:extension:largeBlob: true, webauthn:extension:minPinLength: true, webauthn:extension:prf: true, webauthn:virtualAuthenticators: true}
Element: [[ChromeDriver: chrome on windows (e07c45bf3d981e407171a340238e90ec)] -> xpath: //a[@data-tms-link-name='Packs']]
Session ID: e07c45bf3d981e407171a340238e90ec
at java.base/jdk.internal.reflect.DirectConstructorHandleAccessor.newInstance(DirectConstructorHandleAccessor.java:67)
at java.base/java.lang.reflect.Constructor.newInstanceWithCaller(Constructor.java:500)
at java.base/java.lang.reflect.Constructor.newInstance(Constructor.java:484)
at org.openqa.selenium.remote.codec.w3c.W3CHttpResponseCodec.createException(W3CHttpResponseCodec.java:200)
at org.openqa.selenium.remote.codec.w3c.W3CHttpResponseCodec.decode(W3CHttpResponseCodec.java:133)
at org.openqa.selenium.remote.codec.w3c.W3CHttpResponseCodec.decode(W3CHttpResponseCodec.java:52)
at org.openqa.selenium.remote.HttpCommandExecutor.execute(HttpCommandExecutor.java:191)
at org.openqa.selenium.remote.service.DriverCommandExecutor.invokeExecute(DriverCommandExecutor.java:196)
at org.openqa.selenium.remote.service.DriverCommandExecutor.execute(DriverCommandExecutor.java:171)
at org.openqa.selenium.remote.RemoteWebDriver.execute(RemoteWebDriver.java:518)
at org.openqa.selenium.remote.RemoteWebElement.execute(RemoteWebElement.java:224)
at org.openqa.selenium.remote.RemoteWebElement.click(RemoteWebElement.java:77)
at java.base/jdk.internal.reflect.DirectMethodHandleAccessor.invoke(DirectMethodHandleAccessor.java:104)
at java.base/java.lang.reflect.Method.invoke(Method.java:578)
at org.openqa.selenium.support.pagefactory.internal.LocatingElementHandler.invoke(LocatingElementHandler.java:51)
at jdk.proxy2/jdk.proxy2.$Proxy27.click(Unknown Source)
at pages.ProximusHomePage.click(ProximusHomePage.java:40)
at Proximus.ProximusSteps.user_clicks_on_packs(ProximusSteps.java:41)
at ✽.user clicks on Packs(file:///C:/Users/DELL/eclipse-workspace/BDDCucumberWEB/src/test/resources/Proximus/ProximusHome.feature:10)
]]>
    </error>
  </testcase> <!-- runScenario -->
  <system-out/>
</testsuite> <!-- Proximus.ProximusRunner -->
